2014-09-04 09:03:56,709 [http-bio-8080-exec-2] ERROR StackTrace  - Full Stack Trace:
org.codehaus.groovy.grails.web.mapping.exceptions.UrlMappingException: Error mapping onto view [/index]: Error initializing GroovyPageView
	at org.codehaus.groovy.grails.web.mapping.filter.UrlMappingsFilter.renderViewForUrlMappingInfo(UrlMappingsFilter.java:357)
	at org.codehaus.groovy.grails.web.mapping.filter.UrlMappingsFilter.doFilterInternal(UrlMappingsFilter.java:228)
	at org.springframework.web.filter.OncePerRequestFilter.doFilter(OncePerRequestFilter.java:76)
	at org.apache.catalina.core.ApplicationFilterChain.internalDoFilter(ApplicationFilterChain.java:243)
	at org.apache.catalina.core.ApplicationFilterChain.doFilter(ApplicationFilterChain.java:210)
	at org.codehaus.groovy.grails.web.sitemesh.GrailsPageFilter.obtainContent(GrailsPageFilter.java:206)
	at org.codehaus.groovy.grails.web.sitemesh.GrailsPageFilter.doFilter(GrailsPageFilter.java:152)
	at org.apache.catalina.core.ApplicationFilterChain.internalDoFilter(ApplicationFilterChain.java:243)
	at org.apache.catalina.core.ApplicationFilterChain.doFilter(ApplicationFilterChain.java:210)
	at javax.servlet.FilterChain$doFilter.call(Unknown Source)
	at org.codehaus.groovy.runtime.callsite.CallSiteArray.defaultCall(CallSiteArray.java:45)
	at org.codehaus.groovy.runtime.callsite.AbstractCallSite.call(AbstractCallSite.java:108)
	at org.codehaus.groovy.runtime.callsite.AbstractCallSite.call(AbstractCallSite.java:120)
	at org.grails.plugin.resource.DevModeSanityFilter.doFilter(DevModeSanityFilter.groovy:44)
	at org.apache.catalina.core.ApplicationFilterChain.internalDoFilter(ApplicationFilterChain.java:243)
	at org.apache.catalina.core.ApplicationFilterChain.doFilter(ApplicationFilterChain.java:210)
	at org.codehaus.groovy.grails.web.servlet.mvc.GrailsWebRequestFilter.doFilterInternal(GrailsWebRequestFilter.java:69)
	at org.springframework.web.filter.OncePerRequestFilter.doFilter(OncePerRequestFilter.java:76)
	at org.apache.catalina.core.ApplicationFilterChain.internalDoFilter(ApplicationFilterChain.java:243)
	at org.apache.catalina.core.ApplicationFilterChain.doFilter(ApplicationFilterChain.java:210)
	at org.codehaus.groovy.grails.web.filters.HiddenHttpMethodFilter.doFilterInternal(HiddenHttpMethodFilter.java:66)
	at org.springframework.web.filter.OncePerRequestFilter.doFilter(OncePerRequestFilter.java:76)
	at org.apache.catalina.core.ApplicationFilterChain.internalDoFilter(ApplicationFilterChain.java:243)
	at org.apache.catalina.core.ApplicationFilterChain.doFilter(ApplicationFilterChain.java:210)
	at org.springframework.web.filter.CharacterEncodingFilter.doFilterInternal(CharacterEncodingFilter.java:88)
	at org.springframework.web.filter.OncePerRequestFilter.doFilter(OncePerRequestFilter.java:76)
	at org.springframework.web.filter.DelegatingFilterProxy.invokeDelegate(DelegatingFilterProxy.java:346)
	at org.springframework.web.filter.DelegatingFilterProxy.doFilter(DelegatingFilterProxy.java:259)
	at org.apache.catalina.core.ApplicationFilterChain.internalDoFilter(ApplicationFilterChain.java:243)
	at org.apache.catalina.core.ApplicationFilterChain.doFilter(ApplicationFilterChain.java:210)
	at org.apache.catalina.core.StandardWrapperValve.invoke(StandardWrapperValve.java:222)
	at org.apache.catalina.core.StandardContextValve.invoke(StandardContextValve.java:123)
	at org.apache.catalina.core.StandardHostValve.invoke(StandardHostValve.java:171)
	at org.apache.catalina.valves.ErrorReportValve.invoke(ErrorReportValve.java:99)
	at org.apache.catalina.core.StandardEngineValve.invoke(StandardEngineValve.java:118)
	at org.apache.catalina.connector.CoyoteAdapter.service(CoyoteAdapter.java:408)
	at org.apache.coyote.http11.AbstractHttp11Processor.process(AbstractHttp11Processor.java:1023)
	at org.apache.coyote.AbstractProtocol$AbstractConnectionHandler.process(AbstractProtocol.java:589)
	at org.apache.tomcat.util.net.JIoEndpoint$SocketProcessor.run(JIoEndpoint.java:312)
	at java.util.concurrent.ThreadPoolExecutor.runWorker(ThreadPoolExecutor.java:1145)
	at java.util.concurrent.ThreadPoolExecutor$Worker.run(ThreadPoolExecutor.java:615)
	at java.lang.Thread.run(Thread.java:745)
Caused by: java.lang.RuntimeException: Error initializing GroovyPageView
	at org.codehaus.groovy.grails.web.servlet.view.GrailsViewResolver.createGroovyPageView(GrailsViewResolver.java:179)
	at org.codehaus.groovy.grails.web.servlet.view.GrailsViewResolver.createGrailsView(GrailsViewResolver.java:160)
	at org.codehaus.groovy.grails.web.servlet.view.GrailsViewResolver.loadView(GrailsViewResolver.java:85)
	at org.codehaus.groovy.grails.scaffolding.view.ScaffoldingViewResolver.loadView(ScaffoldingViewResolver.java:59)
	at org.springframework.web.servlet.view.AbstractCachingViewResolver.createView(AbstractCachingViewResolver.java:211)
	at org.springframework.web.servlet.view.UrlBasedViewResolver.createView(UrlBasedViewResolver.java:401)
	at org.springframework.web.servlet.view.AbstractCachingViewResolver.resolveViewName(AbstractCachingViewResolver.java:120)
	at org.codehaus.groovy.grails.web.util.WebUtils.resolveView(WebUtils.java:202)
	at org.codehaus.groovy.grails.web.util.WebUtils.resolveView(WebUtils.java:185)
	at org.codehaus.groovy.grails.web.mapping.filter.UrlMappingsFilter.renderViewForUrlMappingInfo(UrlMappingsFilter.java:337)
	... 41 more
Caused by: org.codehaus.groovy.grails.web.taglib.exceptions.GrailsTagException: Grails tag [g:textField] was not closed
	at org.codehaus.groovy.grails.web.pages.GroovyPageParser.endTag(GroovyPageParser.java:915)
	at org.codehaus.groovy.grails.web.pages.GroovyPageParser.page(GroovyPageParser.java:777)
	at org.codehaus.groovy.grails.web.pages.GroovyPageParser.generateGsp(GroovyPageParser.java:345)
	at org.codehaus.groovy.grails.web.pages.GroovyPageParser.parse(GroovyPageParser.java:301)
	at org.codehaus.groovy.grails.web.pages.GroovyPagesTemplateEngine.buildPageMetaInfo(GroovyPagesTemplateEngine.java:576)
	at org.codehaus.groovy.grails.web.pages.GroovyPagesTemplateEngine.createTemplate(GroovyPagesTemplateEngine.java:469)
	at org.codehaus.groovy.grails.web.pages.GroovyPagesTemplateEngine.createTemplateWithResource(GroovyPagesTemplateEngine.java:451)
	at org.codehaus.groovy.grails.web.pages.GroovyPagesTemplateEngine.createTemplate(GroovyPagesTemplateEngine.java:266)
	at org.codehaus.groovy.grails.web.pages.GroovyPagesTemplateEngine.createTemplate(GroovyPagesTemplateEngine.java:346)
	at org.codehaus.groovy.grails.web.pages.GroovyPagesTemplateEngine.createTemplateForUri(GroovyPagesTemplateEngine.java:318)
	at org.codehaus.groovy.grails.web.pages.GroovyPagesTemplateEngine.createTemplateForUri(GroovyPagesTemplateEngine.java:311)
	at org.codehaus.groovy.grails.web.pages.GroovyPagesTemplateEngine.createTemplate(GroovyPagesTemplateEngine.java:282)
	at org.codehaus.groovy.grails.web.servlet.view.GroovyPageView.createGroovyPageException(GroovyPageView.java:185)
	at org.codehaus.groovy.grails.web.servlet.view.GroovyPageView.handleException(GroovyPageView.java:181)
	at org.codehaus.groovy.grails.web.servlet.view.GroovyPageView.afterPropertiesSet(GroovyPageView.java:241)
	at org.codehaus.groovy.grails.web.servlet.view.GrailsViewResolver.createGroovyPageView(GrailsViewResolver.java:177)
	... 50 more
2014-09-04 09:03:56,714 [http-bio-8080-exec-2] ERROR StackTrace  - Full Stack Trace:
java.lang.RuntimeException: Error initializing GroovyPageView
	at org.codehaus.groovy.grails.web.servlet.view.GrailsViewResolver.createGroovyPageView(GrailsViewResolver.java:179)
	at org.codehaus.groovy.grails.web.servlet.view.GrailsViewResolver.createGrailsView(GrailsViewResolver.java:160)
	at org.codehaus.groovy.grails.web.servlet.view.GrailsViewResolver.loadView(GrailsViewResolver.java:85)
	at org.codehaus.groovy.grails.scaffolding.view.ScaffoldingViewResolver.loadView(ScaffoldingViewResolver.java:59)
	at org.springframework.web.servlet.view.AbstractCachingViewResolver.createView(AbstractCachingViewResolver.java:211)
	at org.springframework.web.servlet.view.UrlBasedViewResolver.createView(UrlBasedViewResolver.java:401)
	at org.springframework.web.servlet.view.AbstractCachingViewResolver.resolveViewName(AbstractCachingViewResolver.java:120)
	at org.codehaus.groovy.grails.web.util.WebUtils.resolveView(WebUtils.java:202)
	at org.codehaus.groovy.grails.web.util.WebUtils.resolveView(WebUtils.java:185)
	at org.codehaus.groovy.grails.web.mapping.filter.UrlMappingsFilter.renderViewForUrlMappingInfo(UrlMappingsFilter.java:337)
	at org.codehaus.groovy.grails.web.mapping.filter.UrlMappingsFilter.doFilterInternal(UrlMappingsFilter.java:228)
	at org.springframework.web.filter.OncePerRequestFilter.doFilter(OncePerRequestFilter.java:76)
	at org.apache.catalina.core.ApplicationFilterChain.internalDoFilter(ApplicationFilterChain.java:243)
	at org.apache.catalina.core.ApplicationFilterChain.doFilter(ApplicationFilterChain.java:210)
	at org.codehaus.groovy.grails.web.sitemesh.GrailsPageFilter.obtainContent(GrailsPageFilter.java:206)
	at org.codehaus.groovy.grails.web.sitemesh.GrailsPageFilter.doFilter(GrailsPageFilter.java:152)
	at org.apache.catalina.core.ApplicationFilterChain.internalDoFilter(ApplicationFilterChain.java:243)
	at org.apache.catalina.core.ApplicationFilterChain.doFilter(ApplicationFilterChain.java:210)
	at javax.servlet.FilterChain$doFilter.call(Unknown Source)
	at org.codehaus.groovy.runtime.callsite.CallSiteArray.defaultCall(CallSiteArray.java:45)
	at org.codehaus.groovy.runtime.callsite.AbstractCallSite.call(AbstractCallSite.java:108)
	at org.codehaus.groovy.runtime.callsite.AbstractCallSite.call(AbstractCallSite.java:120)
	at org.grails.plugin.resource.DevModeSanityFilter.doFilter(DevModeSanityFilter.groovy:44)
	at org.apache.catalina.core.ApplicationFilterChain.internalDoFilter(ApplicationFilterChain.java:243)
	at org.apache.catalina.core.ApplicationFilterChain.doFilter(ApplicationFilterChain.java:210)
	at org.codehaus.groovy.grails.web.servlet.mvc.GrailsWebRequestFilter.doFilterInternal(GrailsWebRequestFilter.java:69)
	at org.springframework.web.filter.OncePerRequestFilter.doFilter(OncePerRequestFilter.java:76)
	at org.apache.catalina.core.ApplicationFilterChain.internalDoFilter(ApplicationFilterChain.java:243)
	at org.apache.catalina.core.ApplicationFilterChain.doFilter(ApplicationFilterChain.java:210)
	at org.codehaus.groovy.grails.web.filters.HiddenHttpMethodFilter.doFilterInternal(HiddenHttpMethodFilter.java:66)
	at org.springframework.web.filter.OncePerRequestFilter.doFilter(OncePerRequestFilter.java:76)
	at org.apache.catalina.core.ApplicationFilterChain.internalDoFilter(ApplicationFilterChain.java:243)
	at org.apache.catalina.core.ApplicationFilterChain.doFilter(ApplicationFilterChain.java:210)
	at org.springframework.web.filter.CharacterEncodingFilter.doFilterInternal(CharacterEncodingFilter.java:88)
	at org.springframework.web.filter.OncePerRequestFilter.doFilter(OncePerRequestFilter.java:76)
	at org.springframework.web.filter.DelegatingFilterProxy.invokeDelegate(DelegatingFilterProxy.java:346)
	at org.springframework.web.filter.DelegatingFilterProxy.doFilter(DelegatingFilterProxy.java:259)
	at org.apache.catalina.core.ApplicationFilterChain.internalDoFilter(ApplicationFilterChain.java:243)
	at org.apache.catalina.core.ApplicationFilterChain.doFilter(ApplicationFilterChain.java:210)
	at org.apache.catalina.core.StandardWrapperValve.invoke(StandardWrapperValve.java:222)
	at org.apache.catalina.core.StandardContextValve.invoke(StandardContextValve.java:123)
	at org.apache.catalina.core.StandardHostValve.invoke(StandardHostValve.java:171)
	at org.apache.catalina.valves.ErrorReportValve.invoke(ErrorReportValve.java:99)
	at org.apache.catalina.core.StandardEngineValve.invoke(StandardEngineValve.java:118)
	at org.apache.catalina.connector.CoyoteAdapter.service(CoyoteAdapter.java:408)
	at org.apache.coyote.http11.AbstractHttp11Processor.process(AbstractHttp11Processor.java:1023)
	at org.apache.coyote.AbstractProtocol$AbstractConnectionHandler.process(AbstractProtocol.java:589)
	at org.apache.tomcat.util.net.JIoEndpoint$SocketProcessor.run(JIoEndpoint.java:312)
	at java.util.concurrent.ThreadPoolExecutor.runWorker(ThreadPoolExecutor.java:1145)
	at java.util.concurrent.ThreadPoolExecutor$Worker.run(ThreadPoolExecutor.java:615)
	at java.lang.Thread.run(Thread.java:745)
Caused by: org.codehaus.groovy.grails.web.taglib.exceptions.GrailsTagException: Grails tag [g:textField] was not closed
	at org.codehaus.groovy.grails.web.pages.GroovyPageParser.endTag(GroovyPageParser.java:915)
	at org.codehaus.groovy.grails.web.pages.GroovyPageParser.page(GroovyPageParser.java:777)
	at org.codehaus.groovy.grails.web.pages.GroovyPageParser.generateGsp(GroovyPageParser.java:345)
	at org.codehaus.groovy.grails.web.pages.GroovyPageParser.parse(GroovyPageParser.java:301)
	at org.codehaus.groovy.grails.web.pages.GroovyPagesTemplateEngine.buildPageMetaInfo(GroovyPagesTemplateEngine.java:576)
	at org.codehaus.groovy.grails.web.pages.GroovyPagesTemplateEngine.createTemplate(GroovyPagesTemplateEngine.java:469)
	at org.codehaus.groovy.grails.web.pages.GroovyPagesTemplateEngine.createTemplateWithResource(GroovyPagesTemplateEngine.java:451)
	at org.codehaus.groovy.grails.web.pages.GroovyPagesTemplateEngine.createTemplate(GroovyPagesTemplateEngine.java:266)
	at org.codehaus.groovy.grails.web.pages.GroovyPagesTemplateEngine.createTemplate(GroovyPagesTemplateEngine.java:346)
	at org.codehaus.groovy.grails.web.pages.GroovyPagesTemplateEngine.createTemplateForUri(GroovyPagesTemplateEngine.java:318)
	at org.codehaus.groovy.grails.web.pages.GroovyPagesTemplateEngine.createTemplateForUri(GroovyPagesTemplateEngine.java:311)
	at org.codehaus.groovy.grails.web.pages.GroovyPagesTemplateEngine.createTemplate(GroovyPagesTemplateEngine.java:282)
	at org.codehaus.groovy.grails.web.servlet.view.GroovyPageView.createGroovyPageException(GroovyPageView.java:185)
	at org.codehaus.groovy.grails.web.servlet.view.GroovyPageView.handleException(GroovyPageView.java:181)
	at org.codehaus.groovy.grails.web.servlet.view.GroovyPageView.afterPropertiesSet(GroovyPageView.java:241)
	at org.codehaus.groovy.grails.web.servlet.view.GrailsViewResolver.createGroovyPageView(GrailsViewResolver.java:177)
	... 50 more
2014-09-04 09:03:56,715 [http-bio-8080-exec-2] ERROR StackTrace  - Full Stack Trace:
org.codehaus.groovy.grails.web.taglib.exceptions.GrailsTagException: Grails tag [g:textField] was not closed
	at org.codehaus.groovy.grails.web.pages.GroovyPageParser.endTag(GroovyPageParser.java:915)
	at org.codehaus.groovy.grails.web.pages.GroovyPageParser.page(GroovyPageParser.java:777)
	at org.codehaus.groovy.grails.web.pages.GroovyPageParser.generateGsp(GroovyPageParser.java:345)
	at org.codehaus.groovy.grails.web.pages.GroovyPageParser.parse(GroovyPageParser.java:301)
	at org.codehaus.groovy.grails.web.pages.GroovyPagesTemplateEngine.buildPageMetaInfo(GroovyPagesTemplateEngine.java:576)
	at org.codehaus.groovy.grails.web.pages.GroovyPagesTemplateEngine.createTemplate(GroovyPagesTemplateEngine.java:469)
	at org.codehaus.groovy.grails.web.pages.GroovyPagesTemplateEngine.createTemplateWithResource(GroovyPagesTemplateEngine.java:451)
	at org.codehaus.groovy.grails.web.pages.GroovyPagesTemplateEngine.createTemplate(GroovyPagesTemplateEngine.java:266)
	at org.codehaus.groovy.grails.web.pages.GroovyPagesTemplateEngine.createTemplate(GroovyPagesTemplateEngine.java:346)
	at org.codehaus.groovy.grails.web.pages.GroovyPagesTemplateEngine.createTemplateForUri(GroovyPagesTemplateEngine.java:318)
	at org.codehaus.groovy.grails.web.pages.GroovyPagesTemplateEngine.createTemplateForUri(GroovyPagesTemplateEngine.java:311)
	at org.codehaus.groovy.grails.web.pages.GroovyPagesTemplateEngine.createTemplate(GroovyPagesTemplateEngine.java:282)
	at org.codehaus.groovy.grails.web.servlet.view.GroovyPageView.createGroovyPageException(GroovyPageView.java:185)
	at org.codehaus.groovy.grails.web.servlet.view.GroovyPageView.handleException(GroovyPageView.java:181)
	at org.codehaus.groovy.grails.web.servlet.view.GroovyPageView.afterPropertiesSet(GroovyPageView.java:241)
	at org.codehaus.groovy.grails.web.servlet.view.GrailsViewResolver.createGroovyPageView(GrailsViewResolver.java:177)
	at org.codehaus.groovy.grails.web.servlet.view.GrailsViewResolver.createGrailsView(GrailsViewResolver.java:160)
	at org.codehaus.groovy.grails.web.servlet.view.GrailsViewResolver.loadView(GrailsViewResolver.java:85)
	at org.codehaus.groovy.grails.scaffolding.view.ScaffoldingViewResolver.loadView(ScaffoldingViewResolver.java:59)
	at org.springframework.web.servlet.view.AbstractCachingViewResolver.createView(AbstractCachingViewResolver.java:211)
	at org.springframework.web.servlet.view.UrlBasedViewResolver.createView(UrlBasedViewResolver.java:401)
	at org.springframework.web.servlet.view.AbstractCachingViewResolver.resolveViewName(AbstractCachingViewResolver.java:120)
	at org.codehaus.groovy.grails.web.util.WebUtils.resolveView(WebUtils.java:202)
	at org.codehaus.groovy.grails.web.util.WebUtils.resolveView(WebUtils.java:185)
	at org.codehaus.groovy.grails.web.mapping.filter.UrlMappingsFilter.renderViewForUrlMappingInfo(UrlMappingsFilter.java:337)
	at org.codehaus.groovy.grails.web.mapping.filter.UrlMappingsFilter.doFilterInternal(UrlMappingsFilter.java:228)
	at org.springframework.web.filter.OncePerRequestFilter.doFilter(OncePerRequestFilter.java:76)
	at org.apache.catalina.core.ApplicationFilterChain.internalDoFilter(ApplicationFilterChain.java:243)
	at org.apache.catalina.core.ApplicationFilterChain.doFilter(ApplicationFilterChain.java:210)
	at org.codehaus.groovy.grails.web.sitemesh.GrailsPageFilter.obtainContent(GrailsPageFilter.java:206)
	at org.codehaus.groovy.grails.web.sitemesh.GrailsPageFilter.doFilter(GrailsPageFilter.java:152)
	at org.apache.catalina.core.ApplicationFilterChain.internalDoFilter(ApplicationFilterChain.java:243)
	at org.apache.catalina.core.ApplicationFilterChain.doFilter(ApplicationFilterChain.java:210)
	at javax.servlet.FilterChain$doFilter.call(Unknown Source)
	at org.codehaus.groovy.runtime.callsite.CallSiteArray.defaultCall(CallSiteArray.java:45)
	at org.codehaus.groovy.runtime.callsite.AbstractCallSite.call(AbstractCallSite.java:108)
	at org.codehaus.groovy.runtime.callsite.AbstractCallSite.call(AbstractCallSite.java:120)
	at org.grails.plugin.resource.DevModeSanityFilter.doFilter(DevModeSanityFilter.groovy:44)
	at org.apache.catalina.core.ApplicationFilterChain.internalDoFilter(ApplicationFilterChain.java:243)
	at org.apache.catalina.core.ApplicationFilterChain.doFilter(ApplicationFilterChain.java:210)
	at org.codehaus.groovy.grails.web.servlet.mvc.GrailsWebRequestFilter.doFilterInternal(GrailsWebRequestFilter.java:69)
	at org.springframework.web.filter.OncePerRequestFilter.doFilter(OncePerRequestFilter.java:76)
	at org.apache.catalina.core.ApplicationFilterChain.internalDoFilter(ApplicationFilterChain.java:243)
	at org.apache.catalina.core.ApplicationFilterChain.doFilter(ApplicationFilterChain.java:210)
	at org.codehaus.groovy.grails.web.filters.HiddenHttpMethodFilter.doFilterInternal(HiddenHttpMethodFilter.java:66)
	at org.springframework.web.filter.OncePerRequestFilter.doFilter(OncePerRequestFilter.java:76)
	at org.apache.catalina.core.ApplicationFilterChain.internalDoFilter(ApplicationFilterChain.java:243)
	at org.apache.catalina.core.ApplicationFilterChain.doFilter(ApplicationFilterChain.java:210)
	at org.springframework.web.filter.CharacterEncodingFilter.doFilterInternal(CharacterEncodingFilter.java:88)
	at org.springframework.web.filter.OncePerRequestFilter.doFilter(OncePerRequestFilter.java:76)
	at org.springframework.web.filter.DelegatingFilterProxy.invokeDelegate(DelegatingFilterProxy.java:346)
	at org.springframework.web.filter.DelegatingFilterProxy.doFilter(DelegatingFilterProxy.java:259)
	at org.apache.catalina.core.ApplicationFilterChain.internalDoFilter(ApplicationFilterChain.java:243)
	at org.apache.catalina.core.ApplicationFilterChain.doFilter(ApplicationFilterChain.java:210)
	at org.apache.catalina.core.StandardWrapperValve.invoke(StandardWrapperValve.java:222)
	at org.apache.catalina.core.StandardContextValve.invoke(StandardContextValve.java:123)
	at org.apache.catalina.core.StandardHostValve.invoke(StandardHostValve.java:171)
	at org.apache.catalina.valves.ErrorReportValve.invoke(ErrorReportValve.java:99)
	at org.apache.catalina.core.StandardEngineValve.invoke(StandardEngineValve.java:118)
	at org.apache.catalina.connector.CoyoteAdapter.service(CoyoteAdapter.java:408)
	at org.apache.coyote.http11.AbstractHttp11Processor.process(AbstractHttp11Processor.java:1023)
	at org.apache.coyote.AbstractProtocol$AbstractConnectionHandler.process(AbstractProtocol.java:589)
	at org.apache.tomcat.util.net.JIoEndpoint$SocketProcessor.run(JIoEndpoint.java:312)
	at java.util.concurrent.ThreadPoolExecutor.runWorker(ThreadPoolExecutor.java:1145)
	at java.util.concurrent.ThreadPoolExecutor$Worker.run(ThreadPoolExecutor.java:615)
	at java.lang.Thread.run(Thread.java:745)
2014-09-04 09:03:56,715 [http-bio-8080-exec-2] ERROR StackTrace  - Full Stack Trace:
org.codehaus.groovy.grails.web.mapping.exceptions.UrlMappingException: Error mapping onto view [/index]: Error initializing GroovyPageView
	at java.util.concurrent.ThreadPoolExecutor.runWorker(ThreadPoolExecutor.java:1145)
	at java.util.concurrent.ThreadPoolExecutor$Worker.run(ThreadPoolExecutor.java:615)
	at java.lang.Thread.run(Thread.java:745)
Caused by: java.lang.RuntimeException: Error initializing GroovyPageView
	... 3 more
Caused by: org.codehaus.groovy.grails.web.taglib.exceptions.GrailsTagException: Grails tag [g:textField] was not closed
	... 3 more
2014-09-04 09:03:56,718 [http-bio-8080-exec-2] ERROR StackTrace  - Full Stack Trace:
org.codehaus.groovy.grails.web.mapping.exceptions.UrlMappingException: Error mapping onto view [/index]: Error initializing GroovyPageView
	at java.util.concurrent.ThreadPoolExecutor.runWorker(ThreadPoolExecutor.java:1145)
	at java.util.concurrent.ThreadPoolExecutor$Worker.run(ThreadPoolExecutor.java:615)
	at java.lang.Thread.run(Thread.java:745)
Caused by: java.lang.RuntimeException: Error initializing GroovyPageView
	... 3 more
Caused by: org.codehaus.groovy.grails.web.taglib.exceptions.GrailsTagException: Grails tag [g:textField] was not closed
	... 3 more
2014-09-04 09:03:56,718 [http-bio-8080-exec-2] ERROR StackTrace  - Full Stack Trace:
java.lang.RuntimeException: Error initializing GroovyPageView
	at java.util.concurrent.ThreadPoolExecutor.runWorker(ThreadPoolExecutor.java:1145)
	at java.util.concurrent.ThreadPoolExecutor$Worker.run(ThreadPoolExecutor.java:615)
	at java.lang.Thread.run(Thread.java:745)
Caused by: org.codehaus.groovy.grails.web.taglib.exceptions.GrailsTagException: Grails tag [g:textField] was not closed
	... 3 more
2014-09-04 09:03:56,718 [http-bio-8080-exec-2] ERROR StackTrace  - Full Stack Trace:
org.codehaus.groovy.grails.web.taglib.exceptions.GrailsTagException: Grails tag [g:textField] was not closed
	at java.util.concurrent.ThreadPoolExecutor.runWorker(ThreadPoolExecutor.java:1145)
	at java.util.concurrent.ThreadPoolExecutor$Worker.run(ThreadPoolExecutor.java:615)
	at java.lang.Thread.run(Thread.java:745)
2014-09-04 09:03:56,718 [http-bio-8080-exec-2] ERROR StackTrace  - Full Stack Trace:
org.codehaus.groovy.grails.web.mapping.exceptions.UrlMappingException: Error mapping onto view [/index]: Error initializing GroovyPageView
	at java.util.concurrent.ThreadPoolExecutor.runWorker(ThreadPoolExecutor.java:1145)
	at java.util.concurrent.ThreadPoolExecutor$Worker.run(ThreadPoolExecutor.java:615)
	at java.lang.Thread.run(Thread.java:745)
Caused by: java.lang.RuntimeException: Error initializing GroovyPageView
	... 3 more
Caused by: org.codehaus.groovy.grails.web.taglib.exceptions.GrailsTagException: Grails tag [g:textField] was not closed
	... 3 more
2014-09-04 09:03:56,789 [http-bio-8080-exec-2] ERROR StackTrace  - Full Stack Trace:
org.codehaus.groovy.grails.web.mapping.exceptions.UrlMappingException: Error mapping onto view [/index]: Error initializing GroovyPageView
	at java.util.concurrent.ThreadPoolExecutor.runWorker(ThreadPoolExecutor.java:1145)
	at java.util.concurrent.ThreadPoolExecutor$Worker.run(ThreadPoolExecutor.java:615)
	at java.lang.Thread.run(Thread.java:745)
Caused by: java.lang.RuntimeException: Error initializing GroovyPageView
	... 3 more
Caused by: org.codehaus.groovy.grails.web.taglib.exceptions.GrailsTagException: Grails tag [g:textField] was not closed
	... 3 more
2014-09-04 09:03:56,789 [http-bio-8080-exec-2] ERROR StackTrace  - Full Stack Trace:
java.lang.RuntimeException: Error initializing GroovyPageView
	at java.util.concurrent.ThreadPoolExecutor.runWorker(ThreadPoolExecutor.java:1145)
	at java.util.concurrent.ThreadPoolExecutor$Worker.run(ThreadPoolExecutor.java:615)
	at java.lang.Thread.run(Thread.java:745)
Caused by: org.codehaus.groovy.grails.web.taglib.exceptions.GrailsTagException: Grails tag [g:textField] was not closed
	... 3 more
2014-09-04 09:03:56,789 [http-bio-8080-exec-2] ERROR StackTrace  - Full Stack Trace:
org.codehaus.groovy.grails.web.taglib.exceptions.GrailsTagException: Grails tag [g:textField] was not closed
	at java.util.concurrent.ThreadPoolExecutor.runWorker(ThreadPoolExecutor.java:1145)
	at java.util.concurrent.ThreadPoolExecutor$Worker.run(ThreadPoolExecutor.java:615)
	at java.lang.Thread.run(Thread.java:745)
2014-09-04 09:03:56,789 [http-bio-8080-exec-2] ERROR StackTrace  - Full Stack Trace:
org.codehaus.groovy.grails.web.mapping.exceptions.UrlMappingException: Error mapping onto view [/index]: Error initializing GroovyPageView
	at java.util.concurrent.ThreadPoolExecutor.runWorker(ThreadPoolExecutor.java:1145)
	at java.util.concurrent.ThreadPoolExecutor$Worker.run(ThreadPoolExecutor.java:615)
	at java.lang.Thread.run(Thread.java:745)
Caused by: java.lang.RuntimeException: Error initializing GroovyPageView
	... 3 more
Caused by: org.codehaus.groovy.grails.web.taglib.exceptions.GrailsTagException: Grails tag [g:textField] was not closed
	... 3 more
2014-09-04 09:05:04,878 [http-bio-8080-exec-4] ERROR StackTrace  - Full Stack Trace:
org.codehaus.groovy.grails.web.mapping.exceptions.UrlMappingException: Error mapping onto view [/index]: Error initializing GroovyPageView
	at org.codehaus.groovy.grails.web.mapping.filter.UrlMappingsFilter.renderViewForUrlMappingInfo(UrlMappingsFilter.java:357)
	at org.codehaus.groovy.grails.web.mapping.filter.UrlMappingsFilter.doFilterInternal(UrlMappingsFilter.java:228)
	at org.springframework.web.filter.OncePerRequestFilter.doFilter(OncePerRequestFilter.java:76)
	at org.apache.catalina.core.ApplicationFilterChain.internalDoFilter(ApplicationFilterChain.java:243)
	at org.apache.catalina.core.ApplicationFilterChain.doFilter(ApplicationFilterChain.java:210)
	at org.codehaus.groovy.grails.web.sitemesh.GrailsPageFilter.obtainContent(GrailsPageFilter.java:206)
	at org.codehaus.groovy.grails.web.sitemesh.GrailsPageFilter.doFilter(GrailsPageFilter.java:152)
	at org.apache.catalina.core.ApplicationFilterChain.internalDoFilter(ApplicationFilterChain.java:243)
	at org.apache.catalina.core.ApplicationFilterChain.doFilter(ApplicationFilterChain.java:210)
	at javax.servlet.FilterChain$doFilter.call(Unknown Source)
	at org.grails.plugin.resource.DevModeSanityFilter.doFilter(DevModeSanityFilter.groovy:44)
	at org.apache.catalina.core.ApplicationFilterChain.internalDoFilter(ApplicationFilterChain.java:243)
	at org.apache.catalina.core.ApplicationFilterChain.doFilter(ApplicationFilterChain.java:210)
	at org.codehaus.groovy.grails.web.servlet.mvc.GrailsWebRequestFilter.doFilterInternal(GrailsWebRequestFilter.java:69)
	at org.springframework.web.filter.OncePerRequestFilter.doFilter(OncePerRequestFilter.java:76)
	at org.apache.catalina.core.ApplicationFilterChain.internalDoFilter(ApplicationFilterChain.java:243)
	at org.apache.catalina.core.ApplicationFilterChain.doFilter(ApplicationFilterChain.java:210)
	at org.codehaus.groovy.grails.web.filters.HiddenHttpMethodFilter.doFilterInternal(HiddenHttpMethodFilter.java:66)
	at org.springframework.web.filter.OncePerRequestFilter.doFilter(OncePerRequestFilter.java:76)
	at org.apache.catalina.core.ApplicationFilterChain.internalDoFilter(ApplicationFilterChain.java:243)
	at org.apache.catalina.core.ApplicationFilterChain.doFilter(ApplicationFilterChain.java:210)
	at org.springframework.web.filter.CharacterEncodingFilter.doFilterInternal(CharacterEncodingFilter.java:88)
	at org.springframework.web.filter.OncePerRequestFilter.doFilter(OncePerRequestFilter.java:76)
	at org.springframework.web.filter.DelegatingFilterProxy.invokeDelegate(DelegatingFilterProxy.java:346)
	at org.springframework.web.filter.DelegatingFilterProxy.doFilter(DelegatingFilterProxy.java:259)
	at org.apache.catalina.core.ApplicationFilterChain.internalDoFilter(ApplicationFilterChain.java:243)
	at org.apache.catalina.core.ApplicationFilterChain.doFilter(ApplicationFilterChain.java:210)
	at org.apache.catalina.core.StandardWrapperValve.invoke(StandardWrapperValve.java:222)
	at org.apache.catalina.core.StandardContextValve.invoke(StandardContextValve.java:123)
	at org.apache.catalina.core.StandardHostValve.invoke(StandardHostValve.java:171)
	at org.apache.catalina.valves.ErrorReportValve.invoke(ErrorReportValve.java:99)
	at org.apache.catalina.core.StandardEngineValve.invoke(StandardEngineValve.java:118)
	at org.apache.catalina.connector.CoyoteAdapter.service(CoyoteAdapter.java:408)
	at org.apache.coyote.http11.AbstractHttp11Processor.process(AbstractHttp11Processor.java:1023)
	at org.apache.coyote.AbstractProtocol$AbstractConnectionHandler.process(AbstractProtocol.java:589)
	at org.apache.tomcat.util.net.JIoEndpoint$SocketProcessor.run(JIoEndpoint.java:310)
	at java.util.concurrent.ThreadPoolExecutor.runWorker(ThreadPoolExecutor.java:1145)
	at java.util.concurrent.ThreadPoolExecutor$Worker.run(ThreadPoolExecutor.java:615)
	at java.lang.Thread.run(Thread.java:745)
Caused by: java.lang.RuntimeException: Error initializing GroovyPageView
	at org.codehaus.groovy.grails.web.servlet.view.GrailsViewResolver.createGroovyPageView(GrailsViewResolver.java:179)
	at org.codehaus.groovy.grails.web.servlet.view.GrailsViewResolver.createGrailsView(GrailsViewResolver.java:160)
	at org.codehaus.groovy.grails.web.servlet.view.GrailsViewResolver.loadView(GrailsViewResolver.java:85)
	at org.codehaus.groovy.grails.scaffolding.view.ScaffoldingViewResolver.loadView(ScaffoldingViewResolver.java:59)
	at org.springframework.web.servlet.view.AbstractCachingViewResolver.createView(AbstractCachingViewResolver.java:211)
	at org.springframework.web.servlet.view.UrlBasedViewResolver.createView(UrlBasedViewResolver.java:401)
	at org.springframework.web.servlet.view.AbstractCachingViewResolver.resolveViewName(AbstractCachingViewResolver.java:120)
	at org.codehaus.groovy.grails.web.util.WebUtils.resolveView(WebUtils.java:202)
	at org.codehaus.groovy.grails.web.util.WebUtils.resolveView(WebUtils.java:185)
	at org.codehaus.groovy.grails.web.mapping.filter.UrlMappingsFilter.renderViewForUrlMappingInfo(UrlMappingsFilter.java:337)
	... 38 more
Caused by: org.codehaus.groovy.grails.web.taglib.exceptions.GrailsTagException: Grails tag [g:textField] was not closed
	at org.codehaus.groovy.grails.web.pages.GroovyPageParser.endTag(GroovyPageParser.java:915)
	at org.codehaus.groovy.grails.web.pages.GroovyPageParser.page(GroovyPageParser.java:777)
	at org.codehaus.groovy.grails.web.pages.GroovyPageParser.generateGsp(GroovyPageParser.java:345)
	at org.codehaus.groovy.grails.web.pages.GroovyPageParser.parse(GroovyPageParser.java:301)
	at org.codehaus.groovy.grails.web.pages.GroovyPagesTemplateEngine.buildPageMetaInfo(GroovyPagesTemplateEngine.java:576)
	at org.codehaus.groovy.grails.web.pages.GroovyPagesTemplateEngine.createTemplate(GroovyPagesTemplateEngine.java:469)
	at org.codehaus.groovy.grails.web.pages.GroovyPagesTemplateEngine.createTemplateWithResource(GroovyPagesTemplateEngine.java:451)
	at org.codehaus.groovy.grails.web.pages.GroovyPagesTemplateEngine.createTemplate(GroovyPagesTemplateEngine.java:266)
	at org.codehaus.groovy.grails.web.pages.GroovyPagesTemplateEngine.createTemplate(GroovyPagesTemplateEngine.java:346)
	at org.codehaus.groovy.grails.web.pages.GroovyPagesTemplateEngine.createTemplateForUri(GroovyPagesTemplateEngine.java:318)
	at org.codehaus.groovy.grails.web.pages.GroovyPagesTemplateEngine.createTemplateForUri(GroovyPagesTemplateEngine.java:311)
	at org.codehaus.groovy.grails.web.pages.GroovyPagesTemplateEngine.createTemplate(GroovyPagesTemplateEngine.java:282)
	at org.codehaus.groovy.grails.web.servlet.view.GroovyPageView.createGroovyPageException(GroovyPageView.java:185)
	at org.codehaus.groovy.grails.web.servlet.view.GroovyPageView.handleException(GroovyPageView.java:181)
	at org.codehaus.groovy.grails.web.servlet.view.GroovyPageView.afterPropertiesSet(GroovyPageView.java:241)
	at org.codehaus.groovy.grails.web.servlet.view.GrailsViewResolver.createGroovyPageView(GrailsViewResolver.java:177)
	... 47 more
2014-09-04 09:05:04,881 [http-bio-8080-exec-4] ERROR StackTrace  - Full Stack Trace:
java.lang.RuntimeException: Error initializing GroovyPageView
	at org.codehaus.groovy.grails.web.servlet.view.GrailsViewResolver.createGroovyPageView(GrailsViewResolver.java:179)
	at org.codehaus.groovy.grails.web.servlet.view.GrailsViewResolver.createGrailsView(GrailsViewResolver.java:160)
	at org.codehaus.groovy.grails.web.servlet.view.GrailsViewResolver.loadView(GrailsViewResolver.java:85)
	at org.codehaus.groovy.grails.scaffolding.view.ScaffoldingViewResolver.loadView(ScaffoldingViewResolver.java:59)
	at org.springframework.web.servlet.view.AbstractCachingViewResolver.createView(AbstractCachingViewResolver.java:211)
	at org.springframework.web.servlet.view.UrlBasedViewResolver.createView(UrlBasedViewResolver.java:401)
	at org.springframework.web.servlet.view.AbstractCachingViewResolver.resolveViewName(AbstractCachingViewResolver.java:120)
	at org.codehaus.groovy.grails.web.util.WebUtils.resolveView(WebUtils.java:202)
	at org.codehaus.groovy.grails.web.util.WebUtils.resolveView(WebUtils.java:185)
	at org.codehaus.groovy.grails.web.mapping.filter.UrlMappingsFilter.renderViewForUrlMappingInfo(UrlMappingsFilter.java:337)
	at org.codehaus.groovy.grails.web.mapping.filter.UrlMappingsFilter.doFilterInternal(UrlMappingsFilter.java:228)
	at org.springframework.web.filter.OncePerRequestFilter.doFilter(OncePerRequestFilter.java:76)
	at org.apache.catalina.core.ApplicationFilterChain.internalDoFilter(ApplicationFilterChain.java:243)
	at org.apache.catalina.core.ApplicationFilterChain.doFilter(ApplicationFilterChain.java:210)
	at org.codehaus.groovy.grails.web.sitemesh.GrailsPageFilter.obtainContent(GrailsPageFilter.java:206)
	at org.codehaus.groovy.grails.web.sitemesh.GrailsPageFilter.doFilter(GrailsPageFilter.java:152)
	at org.apache.catalina.core.ApplicationFilterChain.internalDoFilter(ApplicationFilterChain.java:243)
	at org.apache.catalina.core.ApplicationFilterChain.doFilter(ApplicationFilterChain.java:210)
	at javax.servlet.FilterChain$doFilter.call(Unknown Source)
	at org.grails.plugin.resource.DevModeSanityFilter.doFilter(DevModeSanityFilter.groovy:44)
	at org.apache.catalina.core.ApplicationFilterChain.internalDoFilter(ApplicationFilterChain.java:243)
	at org.apache.catalina.core.ApplicationFilterChain.doFilter(ApplicationFilterChain.java:210)
	at org.codehaus.groovy.grails.web.servlet.mvc.GrailsWebRequestFilter.doFilterInternal(GrailsWebRequestFilter.java:69)
	at org.springframework.web.filter.OncePerRequestFilter.doFilter(OncePerRequestFilter.java:76)
	at org.apache.catalina.core.ApplicationFilterChain.internalDoFilter(ApplicationFilterChain.java:243)
	at org.apache.catalina.core.ApplicationFilterChain.doFilter(ApplicationFilterChain.java:210)
	at org.codehaus.groovy.grails.web.filters.HiddenHttpMethodFilter.doFilterInternal(HiddenHttpMethodFilter.java:66)
	at org.springframework.web.filter.OncePerRequestFilter.doFilter(OncePerRequestFilter.java:76)
	at org.apache.catalina.core.ApplicationFilterChain.internalDoFilter(ApplicationFilterChain.java:243)
	at org.apache.catalina.core.ApplicationFilterChain.doFilter(ApplicationFilterChain.java:210)
	at org.springframework.web.filter.CharacterEncodingFilter.doFilterInternal(CharacterEncodingFilter.java:88)
	at org.springframework.web.filter.OncePerRequestFilter.doFilter(OncePerRequestFilter.java:76)
	at org.springframework.web.filter.DelegatingFilterProxy.invokeDelegate(DelegatingFilterProxy.java:346)
	at org.springframework.web.filter.DelegatingFilterProxy.doFilter(DelegatingFilterProxy.java:259)
	at org.apache.catalina.core.ApplicationFilterChain.internalDoFilter(ApplicationFilterChain.java:243)
	at org.apache.catalina.core.ApplicationFilterChain.doFilter(ApplicationFilterChain.java:210)
	at org.apache.catalina.core.StandardWrapperValve.invoke(StandardWrapperValve.java:222)
	at org.apache.catalina.core.StandardContextValve.invoke(StandardContextValve.java:123)
	at org.apache.catalina.core.StandardHostValve.invoke(StandardHostValve.java:171)
	at org.apache.catalina.valves.ErrorReportValve.invoke(ErrorReportValve.java:99)
	at org.apache.catalina.core.StandardEngineValve.invoke(StandardEngineValve.java:118)
	at org.apache.catalina.connector.CoyoteAdapter.service(CoyoteAdapter.java:408)
	at org.apache.coyote.http11.AbstractHttp11Processor.process(AbstractHttp11Processor.java:1023)
	at org.apache.coyote.AbstractProtocol$AbstractConnectionHandler.process(AbstractProtocol.java:589)
	at org.apache.tomcat.util.net.JIoEndpoint$SocketProcessor.run(JIoEndpoint.java:310)
	at java.util.concurrent.ThreadPoolExecutor.runWorker(ThreadPoolExecutor.java:1145)
	at java.util.concurrent.ThreadPoolExecutor$Worker.run(ThreadPoolExecutor.java:615)
	at java.lang.Thread.run(Thread.java:745)
Caused by: org.codehaus.groovy.grails.web.taglib.exceptions.GrailsTagException: Grails tag [g:textField] was not closed
	at org.codehaus.groovy.grails.web.pages.GroovyPageParser.endTag(GroovyPageParser.java:915)
	at org.codehaus.groovy.grails.web.pages.GroovyPageParser.page(GroovyPageParser.java:777)
	at org.codehaus.groovy.grails.web.pages.GroovyPageParser.generateGsp(GroovyPageParser.java:345)
	at org.codehaus.groovy.grails.web.pages.GroovyPageParser.parse(GroovyPageParser.java:301)
	at org.codehaus.groovy.grails.web.pages.GroovyPagesTemplateEngine.buildPageMetaInfo(GroovyPagesTemplateEngine.java:576)
	at org.codehaus.groovy.grails.web.pages.GroovyPagesTemplateEngine.createTemplate(GroovyPagesTemplateEngine.java:469)
	at org.codehaus.groovy.grails.web.pages.GroovyPagesTemplateEngine.createTemplateWithResource(GroovyPagesTemplateEngine.java:451)
	at org.codehaus.groovy.grails.web.pages.GroovyPagesTemplateEngine.createTemplate(GroovyPagesTemplateEngine.java:266)
	at org.codehaus.groovy.grails.web.pages.GroovyPagesTemplateEngine.createTemplate(GroovyPagesTemplateEngine.java:346)
	at org.codehaus.groovy.grails.web.pages.GroovyPagesTemplateEngine.createTemplateForUri(GroovyPagesTemplateEngine.java:318)
	at org.codehaus.groovy.grails.web.pages.GroovyPagesTemplateEngine.createTemplateForUri(GroovyPagesTemplateEngine.java:311)
	at org.codehaus.groovy.grails.web.pages.GroovyPagesTemplateEngine.createTemplate(GroovyPagesTemplateEngine.java:282)
	at org.codehaus.groovy.grails.web.servlet.view.GroovyPageView.createGroovyPageException(GroovyPageView.java:185)
	at org.codehaus.groovy.grails.web.servlet.view.GroovyPageView.handleException(GroovyPageView.java:181)
	at org.codehaus.groovy.grails.web.servlet.view.GroovyPageView.afterPropertiesSet(GroovyPageView.java:241)
	at org.codehaus.groovy.grails.web.servlet.view.GrailsViewResolver.createGroovyPageView(GrailsViewResolver.java:177)
	... 47 more
2014-09-04 09:05:04,882 [http-bio-8080-exec-4] ERROR StackTrace  - Full Stack Trace:
org.codehaus.groovy.grails.web.taglib.exceptions.GrailsTagException: Grails tag [g:textField] was not closed
	at org.codehaus.groovy.grails.web.pages.GroovyPageParser.endTag(GroovyPageParser.java:915)
	at org.codehaus.groovy.grails.web.pages.GroovyPageParser.page(GroovyPageParser.java:777)
	at org.codehaus.groovy.grails.web.pages.GroovyPageParser.generateGsp(GroovyPageParser.java:345)
	at org.codehaus.groovy.grails.web.pages.GroovyPageParser.parse(GroovyPageParser.java:301)
	at org.codehaus.groovy.grails.web.pages.GroovyPagesTemplateEngine.buildPageMetaInfo(GroovyPagesTemplateEngine.java:576)
	at org.codehaus.groovy.grails.web.pages.GroovyPagesTemplateEngine.createTemplate(GroovyPagesTemplateEngine.java:469)
	at org.codehaus.groovy.grails.web.pages.GroovyPagesTemplateEngine.createTemplateWithResource(GroovyPagesTemplateEngine.java:451)
	at org.codehaus.groovy.grails.web.pages.GroovyPagesTemplateEngine.createTemplate(GroovyPagesTemplateEngine.java:266)
	at org.codehaus.groovy.grails.web.pages.GroovyPagesTemplateEngine.createTemplate(GroovyPagesTemplateEngine.java:346)
	at org.codehaus.groovy.grails.web.pages.GroovyPagesTemplateEngine.createTemplateForUri(GroovyPagesTemplateEngine.java:318)
	at org.codehaus.groovy.grails.web.pages.GroovyPagesTemplateEngine.createTemplateForUri(GroovyPagesTemplateEngine.java:311)
	at org.codehaus.groovy.grails.web.pages.GroovyPagesTemplateEngine.createTemplate(GroovyPagesTemplateEngine.java:282)
	at org.codehaus.groovy.grails.web.servlet.view.GroovyPageView.createGroovyPageException(GroovyPageView.java:185)
	at org.codehaus.groovy.grails.web.servlet.view.GroovyPageView.handleException(GroovyPageView.java:181)
	at org.codehaus.groovy.grails.web.servlet.view.GroovyPageView.afterPropertiesSet(GroovyPageView.java:241)
	at org.codehaus.groovy.grails.web.servlet.view.GrailsViewResolver.createGroovyPageView(GrailsViewResolver.java:177)
	at org.codehaus.groovy.grails.web.servlet.view.GrailsViewResolver.createGrailsView(GrailsViewResolver.java:160)
	at org.codehaus.groovy.grails.web.servlet.view.GrailsViewResolver.loadView(GrailsViewResolver.java:85)
	at org.codehaus.groovy.grails.scaffolding.view.ScaffoldingViewResolver.loadView(ScaffoldingViewResolver.java:59)
	at org.springframework.web.servlet.view.AbstractCachingViewResolver.createView(AbstractCachingViewResolver.java:211)
	at org.springframework.web.servlet.view.UrlBasedViewResolver.createView(UrlBasedViewResolver.java:401)
	at org.springframework.web.servlet.view.AbstractCachingViewResolver.resolveViewName(AbstractCachingViewResolver.java:120)
	at org.codehaus.groovy.grails.web.util.WebUtils.resolveView(WebUtils.java:202)
	at org.codehaus.groovy.grails.web.util.WebUtils.resolveView(WebUtils.java:185)
	at org.codehaus.groovy.grails.web.mapping.filter.UrlMappingsFilter.renderViewForUrlMappingInfo(UrlMappingsFilter.java:337)
	at org.codehaus.groovy.grails.web.mapping.filter.UrlMappingsFilter.doFilterInternal(UrlMappingsFilter.java:228)
	at org.springframework.web.filter.OncePerRequestFilter.doFilter(OncePerRequestFilter.java:76)
	at org.apache.catalina.core.ApplicationFilterChain.internalDoFilter(ApplicationFilterChain.java:243)
	at org.apache.catalina.core.ApplicationFilterChain.doFilter(ApplicationFilterChain.java:210)
	at org.codehaus.groovy.grails.web.sitemesh.GrailsPageFilter.obtainContent(GrailsPageFilter.java:206)
	at org.codehaus.groovy.grails.web.sitemesh.GrailsPageFilter.doFilter(GrailsPageFilter.java:152)
	at org.apache.catalina.core.ApplicationFilterChain.internalDoFilter(ApplicationFilterChain.java:243)
	at org.apache.catalina.core.ApplicationFilterChain.doFilter(ApplicationFilterChain.java:210)
	at javax.servlet.FilterChain$doFilter.call(Unknown Source)
	at org.grails.plugin.resource.DevModeSanityFilter.doFilter(DevModeSanityFilter.groovy:44)
	at org.apache.catalina.core.ApplicationFilterChain.internalDoFilter(ApplicationFilterChain.java:243)
	at org.apache.catalina.core.ApplicationFilterChain.doFilter(ApplicationFilterChain.java:210)
	at org.codehaus.groovy.grails.web.servlet.mvc.GrailsWebRequestFilter.doFilterInternal(GrailsWebRequestFilter.java:69)
	at org.springframework.web.filter.OncePerRequestFilter.doFilter(OncePerRequestFilter.java:76)
	at org.apache.catalina.core.ApplicationFilterChain.internalDoFilter(ApplicationFilterChain.java:243)
	at org.apache.catalina.core.ApplicationFilterChain.doFilter(ApplicationFilterChain.java:210)
	at org.codehaus.groovy.grails.web.filters.HiddenHttpMethodFilter.doFilterInternal(HiddenHttpMethodFilter.java:66)
	at org.springframework.web.filter.OncePerRequestFilter.doFilter(OncePerRequestFilter.java:76)
	at org.apache.catalina.core.ApplicationFilterChain.internalDoFilter(ApplicationFilterChain.java:243)
	at org.apache.catalina.core.ApplicationFilterChain.doFilter(ApplicationFilterChain.java:210)
	at org.springframework.web.filter.CharacterEncodingFilter.doFilterInternal(CharacterEncodingFilter.java:88)
	at org.springframework.web.filter.OncePerRequestFilter.doFilter(OncePerRequestFilter.java:76)
	at org.springframework.web.filter.DelegatingFilterProxy.invokeDelegate(DelegatingFilterProxy.java:346)
	at org.springframework.web.filter.DelegatingFilterProxy.doFilter(DelegatingFilterProxy.java:259)
	at org.apache.catalina.core.ApplicationFilterChain.internalDoFilter(ApplicationFilterChain.java:243)
	at org.apache.catalina.core.ApplicationFilterChain.doFilter(ApplicationFilterChain.java:210)
	at org.apache.catalina.core.StandardWrapperValve.invoke(StandardWrapperValve.java:222)
	at org.apache.catalina.core.StandardContextValve.invoke(StandardContextValve.java:123)
	at org.apache.catalina.core.StandardHostValve.invoke(StandardHostValve.java:171)
	at org.apache.catalina.valves.ErrorReportValve.invoke(ErrorReportValve.java:99)
	at org.apache.catalina.core.StandardEngineValve.invoke(StandardEngineValve.java:118)
	at org.apache.catalina.connector.CoyoteAdapter.service(CoyoteAdapter.java:408)
	at org.apache.coyote.http11.AbstractHttp11Processor.process(AbstractHttp11Processor.java:1023)
	at org.apache.coyote.AbstractProtocol$AbstractConnectionHandler.process(AbstractProtocol.java:589)
	at org.apache.tomcat.util.net.JIoEndpoint$SocketProcessor.run(JIoEndpoint.java:310)
	at java.util.concurrent.ThreadPoolExecutor.runWorker(ThreadPoolExecutor.java:1145)
	at java.util.concurrent.ThreadPoolExecutor$Worker.run(ThreadPoolExecutor.java:615)
	at java.lang.Thread.run(Thread.java:745)
2014-09-04 09:05:04,882 [http-bio-8080-exec-4] ERROR StackTrace  - Full Stack Trace:
org.codehaus.groovy.grails.web.mapping.exceptions.UrlMappingException: Error mapping onto view [/index]: Error initializing GroovyPageView
	at java.util.concurrent.ThreadPoolExecutor.runWorker(ThreadPoolExecutor.java:1145)
	at java.util.concurrent.ThreadPoolExecutor$Worker.run(ThreadPoolExecutor.java:615)
	at java.lang.Thread.run(Thread.java:745)
Caused by: java.lang.RuntimeException: Error initializing GroovyPageView
	... 3 more
Caused by: org.codehaus.groovy.grails.web.taglib.exceptions.GrailsTagException: Grails tag [g:textField] was not closed
	... 3 more
2014-09-04 09:05:04,884 [http-bio-8080-exec-4] ERROR StackTrace  - Full Stack Trace:
org.codehaus.groovy.grails.web.mapping.exceptions.UrlMappingException: Error mapping onto view [/index]: Error initializing GroovyPageView
	at java.util.concurrent.ThreadPoolExecutor.runWorker(ThreadPoolExecutor.java:1145)
	at java.util.concurrent.ThreadPoolExecutor$Worker.run(ThreadPoolExecutor.java:615)
	at java.lang.Thread.run(Thread.java:745)
Caused by: java.lang.RuntimeException: Error initializing GroovyPageView
	... 3 more
Caused by: org.codehaus.groovy.grails.web.taglib.exceptions.GrailsTagException: Grails tag [g:textField] was not closed
	... 3 more
2014-09-04 09:05:04,884 [http-bio-8080-exec-4] ERROR StackTrace  - Full Stack Trace:
java.lang.RuntimeException: Error initializing GroovyPageView
	at java.util.concurrent.ThreadPoolExecutor.runWorker(ThreadPoolExecutor.java:1145)
	at java.util.concurrent.ThreadPoolExecutor$Worker.run(ThreadPoolExecutor.java:615)
	at java.lang.Thread.run(Thread.java:745)
Caused by: org.codehaus.groovy.grails.web.taglib.exceptions.GrailsTagException: Grails tag [g:textField] was not closed
	... 3 more
2014-09-04 09:05:04,884 [http-bio-8080-exec-4] ERROR StackTrace  - Full Stack Trace:
org.codehaus.groovy.grails.web.taglib.exceptions.GrailsTagException: Grails tag [g:textField] was not closed
	at java.util.concurrent.ThreadPoolExecutor.runWorker(ThreadPoolExecutor.java:1145)
	at java.util.concurrent.ThreadPoolExecutor$Worker.run(ThreadPoolExecutor.java:615)
	at java.lang.Thread.run(Thread.java:745)
2014-09-04 09:05:04,885 [http-bio-8080-exec-4] ERROR StackTrace  - Full Stack Trace:
org.codehaus.groovy.grails.web.mapping.exceptions.UrlMappingException: Error mapping onto view [/index]: Error initializing GroovyPageView
	at java.util.concurrent.ThreadPoolExecutor.runWorker(ThreadPoolExecutor.java:1145)
	at java.util.concurrent.ThreadPoolExecutor$Worker.run(ThreadPoolExecutor.java:615)
	at java.lang.Thread.run(Thread.java:745)
Caused by: java.lang.RuntimeException: Error initializing GroovyPageView
	... 3 more
Caused by: org.codehaus.groovy.grails.web.taglib.exceptions.GrailsTagException: Grails tag [g:textField] was not closed
	... 3 more
2014-09-04 09:05:04,890 [http-bio-8080-exec-4] ERROR StackTrace  - Full Stack Trace:
org.codehaus.groovy.grails.web.mapping.exceptions.UrlMappingException: Error mapping onto view [/index]: Error initializing GroovyPageView
	at java.util.concurrent.ThreadPoolExecutor.runWorker(ThreadPoolExecutor.java:1145)
	at java.util.concurrent.ThreadPoolExecutor$Worker.run(ThreadPoolExecutor.java:615)
	at java.lang.Thread.run(Thread.java:745)
Caused by: java.lang.RuntimeException: Error initializing GroovyPageView
	... 3 more
Caused by: org.codehaus.groovy.grails.web.taglib.exceptions.GrailsTagException: Grails tag [g:textField] was not closed
	... 3 more
2014-09-04 09:05:04,890 [http-bio-8080-exec-4] ERROR StackTrace  - Full Stack Trace:
java.lang.RuntimeException: Error initializing GroovyPageView
	at java.util.concurrent.ThreadPoolExecutor.runWorker(ThreadPoolExecutor.java:1145)
	at java.util.concurrent.ThreadPoolExecutor$Worker.run(ThreadPoolExecutor.java:615)
	at java.lang.Thread.run(Thread.java:745)
Caused by: org.codehaus.groovy.grails.web.taglib.exceptions.GrailsTagException: Grails tag [g:textField] was not closed
	... 3 more
2014-09-04 09:05:04,890 [http-bio-8080-exec-4] ERROR StackTrace  - Full Stack Trace:
org.codehaus.groovy.grails.web.taglib.exceptions.GrailsTagException: Grails tag [g:textField] was not closed
	at java.util.concurrent.ThreadPoolExecutor.runWorker(ThreadPoolExecutor.java:1145)
	at java.util.concurrent.ThreadPoolExecutor$Worker.run(ThreadPoolExecutor.java:615)
	at java.lang.Thread.run(Thread.java:745)
2014-09-04 09:05:04,891 [http-bio-8080-exec-4] ERROR StackTrace  - Full Stack Trace:
org.codehaus.groovy.grails.web.mapping.exceptions.UrlMappingException: Error mapping onto view [/index]: Error initializing GroovyPageView
	at java.util.concurrent.ThreadPoolExecutor.runWorker(ThreadPoolExecutor.java:1145)
	at java.util.concurrent.ThreadPoolExecutor$Worker.run(ThreadPoolExecutor.java:615)
	at java.lang.Thread.run(Thread.java:745)
Caused by: java.lang.RuntimeException: Error initializing GroovyPageView
	... 3 more
Caused by: org.codehaus.groovy.grails.web.taglib.exceptions.GrailsTagException: Grails tag [g:textField] was not closed
	... 3 more
2014-09-04 09:05:07,629 [http-bio-8080-exec-3] ERROR StackTrace  - Full Stack Trace:
org.codehaus.groovy.grails.web.mapping.exceptions.UrlMappingException: Error mapping onto view [/index]: Error initializing GroovyPageView
	at org.codehaus.groovy.grails.web.mapping.filter.UrlMappingsFilter.renderViewForUrlMappingInfo(UrlMappingsFilter.java:357)
	at org.codehaus.groovy.grails.web.mapping.filter.UrlMappingsFilter.doFilterInternal(UrlMappingsFilter.java:228)
	at org.springframework.web.filter.OncePerRequestFilter.doFilter(OncePerRequestFilter.java:76)
	at org.apache.catalina.core.ApplicationFilterChain.internalDoFilter(ApplicationFilterChain.java:243)
	at org.apache.catalina.core.ApplicationFilterChain.doFilter(ApplicationFilterChain.java:210)
	at org.codehaus.groovy.grails.web.sitemesh.GrailsPageFilter.obtainContent(GrailsPageFilter.java:206)
	at org.codehaus.groovy.grails.web.sitemesh.GrailsPageFilter.doFilter(GrailsPageFilter.java:152)
	at org.apache.catalina.core.ApplicationFilterChain.internalDoFilter(ApplicationFilterChain.java:243)
	at org.apache.catalina.core.ApplicationFilterChain.doFilter(ApplicationFilterChain.java:210)
	at javax.servlet.FilterChain$doFilter.call(Unknown Source)
	at org.grails.plugin.resource.DevModeSanityFilter.doFilter(DevModeSanityFilter.groovy:44)
	at org.apache.catalina.core.ApplicationFilterChain.internalDoFilter(ApplicationFilterChain.java:243)
	at org.apache.catalina.core.ApplicationFilterChain.doFilter(ApplicationFilterChain.java:210)
	at org.codehaus.groovy.grails.web.servlet.mvc.GrailsWebRequestFilter.doFilterInternal(GrailsWebRequestFilter.java:69)
	at org.springframework.web.filter.OncePerRequestFilter.doFilter(OncePerRequestFilter.java:76)
	at org.apache.catalina.core.ApplicationFilterChain.internalDoFilter(ApplicationFilterChain.java:243)
	at org.apache.catalina.core.ApplicationFilterChain.doFilter(ApplicationFilterChain.java:210)
	at org.codehaus.groovy.grails.web.filters.HiddenHttpMethodFilter.doFilterInternal(HiddenHttpMethodFilter.java:66)
	at org.springframework.web.filter.OncePerRequestFilter.doFilter(OncePerRequestFilter.java:76)
	at org.apache.catalina.core.ApplicationFilterChain.internalDoFilter(ApplicationFilterChain.java:243)
	at org.apache.catalina.core.ApplicationFilterChain.doFilter(ApplicationFilterChain.java:210)
	at org.springframework.web.filter.CharacterEncodingFilter.doFilterInternal(CharacterEncodingFilter.java:88)
	at org.springframework.web.filter.OncePerRequestFilter.doFilter(OncePerRequestFilter.java:76)
	at org.springframework.web.filter.DelegatingFilterProxy.invokeDelegate(DelegatingFilterProxy.java:346)
	at org.springframework.web.filter.DelegatingFilterProxy.doFilter(DelegatingFilterProxy.java:259)
	at org.apache.catalina.core.ApplicationFilterChain.internalDoFilter(ApplicationFilterChain.java:243)
	at org.apache.catalina.core.ApplicationFilterChain.doFilter(ApplicationFilterChain.java:210)
	at org.apache.catalina.core.StandardWrapperValve.invoke(StandardWrapperValve.java:222)
	at org.apache.catalina.core.StandardContextValve.invoke(StandardContextValve.java:123)
	at org.apache.catalina.core.StandardHostValve.invoke(StandardHostValve.java:171)
	at org.apache.catalina.valves.ErrorReportValve.invoke(ErrorReportValve.java:99)
	at org.apache.catalina.core.StandardEngineValve.invoke(StandardEngineValve.java:118)
	at org.apache.catalina.connector.CoyoteAdapter.service(CoyoteAdapter.java:408)
	at org.apache.coyote.http11.AbstractHttp11Processor.process(AbstractHttp11Processor.java:1023)
	at org.apache.coyote.AbstractProtocol$AbstractConnectionHandler.process(AbstractProtocol.java:589)
	at org.apache.tomcat.util.net.JIoEndpoint$SocketProcessor.run(JIoEndpoint.java:312)
	at java.util.concurrent.ThreadPoolExecutor.runWorker(ThreadPoolExecutor.java:1145)
	at java.util.concurrent.ThreadPoolExecutor$Worker.run(ThreadPoolExecutor.java:615)
	at java.lang.Thread.run(Thread.java:745)
Caused by: java.lang.RuntimeException: Error initializing GroovyPageView
	at org.codehaus.groovy.grails.web.servlet.view.GrailsViewResolver.createGroovyPageView(GrailsViewResolver.java:179)
	at org.codehaus.groovy.grails.web.servlet.view.GrailsViewResolver.createGrailsView(GrailsViewResolver.java:160)
	at org.codehaus.groovy.grails.web.servlet.view.GrailsViewResolver.loadView(GrailsViewResolver.java:85)
	at org.codehaus.groovy.grails.scaffolding.view.ScaffoldingViewResolver.loadView(ScaffoldingViewResolver.java:59)
	at org.springframework.web.servlet.view.AbstractCachingViewResolver.createView(AbstractCachingViewResolver.java:211)
	at org.springframework.web.servlet.view.UrlBasedViewResolver.createView(UrlBasedViewResolver.java:401)
	at org.springframework.web.servlet.view.AbstractCachingViewResolver.resolveViewName(AbstractCachingViewResolver.java:120)
	at org.codehaus.groovy.grails.web.util.WebUtils.resolveView(WebUtils.java:202)
	at org.codehaus.groovy.grails.web.util.WebUtils.resolveView(WebUtils.java:185)
	at org.codehaus.groovy.grails.web.mapping.filter.UrlMappingsFilter.renderViewForUrlMappingInfo(UrlMappingsFilter.java:337)
	... 38 more
Caused by: org.codehaus.groovy.grails.web.taglib.exceptions.GrailsTagException: Grails tag [g:textField] was not closed
	at org.codehaus.groovy.grails.web.pages.GroovyPageParser.endTag(GroovyPageParser.java:915)
	at org.codehaus.groovy.grails.web.pages.GroovyPageParser.page(GroovyPageParser.java:777)
	at org.codehaus.groovy.grails.web.pages.GroovyPageParser.generateGsp(GroovyPageParser.java:345)
	at org.codehaus.groovy.grails.web.pages.GroovyPageParser.parse(GroovyPageParser.java:301)
	at org.codehaus.groovy.grails.web.pages.GroovyPagesTemplateEngine.buildPageMetaInfo(GroovyPagesTemplateEngine.java:576)
	at org.codehaus.groovy.grails.web.pages.GroovyPagesTemplateEngine.createTemplate(GroovyPagesTemplateEngine.java:469)
	at org.codehaus.groovy.grails.web.pages.GroovyPagesTemplateEngine.createTemplateWithResource(GroovyPagesTemplateEngine.java:451)
	at org.codehaus.groovy.grails.web.pages.GroovyPagesTemplateEngine.createTemplate(GroovyPagesTemplateEngine.java:266)
	at org.codehaus.groovy.grails.web.pages.GroovyPagesTemplateEngine.createTemplate(GroovyPagesTemplateEngine.java:346)
	at org.codehaus.groovy.grails.web.pages.GroovyPagesTemplateEngine.createTemplateForUri(GroovyPagesTemplateEngine.java:318)
	at org.codehaus.groovy.grails.web.pages.GroovyPagesTemplateEngine.createTemplateForUri(GroovyPagesTemplateEngine.java:311)
	at org.codehaus.groovy.grails.web.pages.GroovyPagesTemplateEngine.createTemplate(GroovyPagesTemplateEngine.java:282)
	at org.codehaus.groovy.grails.web.servlet.view.GroovyPageView.createGroovyPageException(GroovyPageView.java:185)
	at org.codehaus.groovy.grails.web.servlet.view.GroovyPageView.handleException(GroovyPageView.java:181)
	at org.codehaus.groovy.grails.web.servlet.view.GroovyPageView.afterPropertiesSet(GroovyPageView.java:241)
	at org.codehaus.groovy.grails.web.servlet.view.GrailsViewResolver.createGroovyPageView(GrailsViewResolver.java:177)
	... 47 more
2014-09-04 09:05:07,632 [http-bio-8080-exec-3] ERROR StackTrace  - Full Stack Trace:
java.lang.RuntimeException: Error initializing GroovyPageView
	at org.codehaus.groovy.grails.web.servlet.view.GrailsViewResolver.createGroovyPageView(GrailsViewResolver.java:179)
	at org.codehaus.groovy.grails.web.servlet.view.GrailsViewResolver.createGrailsView(GrailsViewResolver.java:160)
	at org.codehaus.groovy.grails.web.servlet.view.GrailsViewResolver.loadView(GrailsViewResolver.java:85)
	at org.codehaus.groovy.grails.scaffolding.view.ScaffoldingViewResolver.loadView(ScaffoldingViewResolver.java:59)
	at org.springframework.web.servlet.view.AbstractCachingViewResolver.createView(AbstractCachingViewResolver.java:211)
	at org.springframework.web.servlet.view.UrlBasedViewResolver.createView(UrlBasedViewResolver.java:401)
	at org.springframework.web.servlet.view.AbstractCachingViewResolver.resolveViewName(AbstractCachingViewResolver.java:120)
	at org.codehaus.groovy.grails.web.util.WebUtils.resolveView(WebUtils.java:202)
	at org.codehaus.groovy.grails.web.util.WebUtils.resolveView(WebUtils.java:185)
	at org.codehaus.groovy.grails.web.mapping.filter.UrlMappingsFilter.renderViewForUrlMappingInfo(UrlMappingsFilter.java:337)
	at org.codehaus.groovy.grails.web.mapping.filter.UrlMappingsFilter.doFilterInternal(UrlMappingsFilter.java:228)
	at org.springframework.web.filter.OncePerRequestFilter.doFilter(OncePerRequestFilter.java:76)
	at org.apache.catalina.core.ApplicationFilterChain.internalDoFilter(ApplicationFilterChain.java:243)
	at org.apache.catalina.core.ApplicationFilterChain.doFilter(ApplicationFilterChain.java:210)
	at org.codehaus.groovy.grails.web.sitemesh.GrailsPageFilter.obtainContent(GrailsPageFilter.java:206)
	at org.codehaus.groovy.grails.web.sitemesh.GrailsPageFilter.doFilter(GrailsPageFilter.java:152)
	at org.apache.catalina.core.ApplicationFilterChain.internalDoFilter(ApplicationFilterChain.java:243)
	at org.apache.catalina.core.ApplicationFilterChain.doFilter(ApplicationFilterChain.java:210)
	at javax.servlet.FilterChain$doFilter.call(Unknown Source)
	at org.grails.plugin.resource.DevModeSanityFilter.doFilter(DevModeSanityFilter.groovy:44)
	at org.apache.catalina.core.ApplicationFilterChain.internalDoFilter(ApplicationFilterChain.java:243)
	at org.apache.catalina.core.ApplicationFilterChain.doFilter(ApplicationFilterChain.java:210)
	at org.codehaus.groovy.grails.web.servlet.mvc.GrailsWebRequestFilter.doFilterInternal(GrailsWebRequestFilter.java:69)
	at org.springframework.web.filter.OncePerRequestFilter.doFilter(OncePerRequestFilter.java:76)
	at org.apache.catalina.core.ApplicationFilterChain.internalDoFilter(ApplicationFilterChain.java:243)
	at org.apache.catalina.core.ApplicationFilterChain.doFilter(ApplicationFilterChain.java:210)
	at org.codehaus.groovy.grails.web.filters.HiddenHttpMethodFilter.doFilterInternal(HiddenHttpMethodFilter.java:66)
	at org.springframework.web.filter.OncePerRequestFilter.doFilter(OncePerRequestFilter.java:76)
	at org.apache.catalina.core.ApplicationFilterChain.internalDoFilter(ApplicationFilterChain.java:243)
	at org.apache.catalina.core.ApplicationFilterChain.doFilter(ApplicationFilterChain.java:210)
	at org.springframework.web.filter.CharacterEncodingFilter.doFilterInternal(CharacterEncodingFilter.java:88)
	at org.springframework.web.filter.OncePerRequestFilter.doFilter(OncePerRequestFilter.java:76)
	at org.springframework.web.filter.DelegatingFilterProxy.invokeDelegate(DelegatingFilterProxy.java:346)
	at org.springframework.web.filter.DelegatingFilterProxy.doFilter(DelegatingFilterProxy.java:259)
	at org.apache.catalina.core.ApplicationFilterChain.internalDoFilter(ApplicationFilterChain.java:243)
	at org.apache.catalina.core.ApplicationFilterChain.doFilter(ApplicationFilterChain.java:210)
	at org.apache.catalina.core.StandardWrapperValve.invoke(StandardWrapperValve.java:222)
	at org.apache.catalina.core.StandardContextValve.invoke(StandardContextValve.java:123)
	at org.apache.catalina.core.StandardHostValve.invoke(StandardHostValve.java:171)
	at org.apache.catalina.valves.ErrorReportValve.invoke(ErrorReportValve.java:99)
	at org.apache.catalina.core.StandardEngineValve.invoke(StandardEngineValve.java:118)
	at org.apache.catalina.connector.CoyoteAdapter.service(CoyoteAdapter.java:408)
	at org.apache.coyote.http11.AbstractHttp11Processor.process(AbstractHttp11Processor.java:1023)
	at org.apache.coyote.AbstractProtocol$AbstractConnectionHandler.process(AbstractProtocol.java:589)
	at org.apache.tomcat.util.net.JIoEndpoint$SocketProcessor.run(JIoEndpoint.java:312)
	at java.util.concurrent.ThreadPoolExecutor.runWorker(ThreadPoolExecutor.java:1145)
	at java.util.concurrent.ThreadPoolExecutor$Worker.run(ThreadPoolExecutor.java:615)
	at java.lang.Thread.run(Thread.java:745)
Caused by: org.codehaus.groovy.grails.web.taglib.exceptions.GrailsTagException: Grails tag [g:textField] was not closed
	at org.codehaus.groovy.grails.web.pages.GroovyPageParser.endTag(GroovyPageParser.java:915)
	at org.codehaus.groovy.grails.web.pages.GroovyPageParser.page(GroovyPageParser.java:777)
	at org.codehaus.groovy.grails.web.pages.GroovyPageParser.generateGsp(GroovyPageParser.java:345)
	at org.codehaus.groovy.grails.web.pages.GroovyPageParser.parse(GroovyPageParser.java:301)
	at org.codehaus.groovy.grails.web.pages.GroovyPagesTemplateEngine.buildPageMetaInfo(GroovyPagesTemplateEngine.java:576)
	at org.codehaus.groovy.grails.web.pages.GroovyPagesTemplateEngine.createTemplate(GroovyPagesTemplateEngine.java:469)
	at org.codehaus.groovy.grails.web.pages.GroovyPagesTemplateEngine.createTemplateWithResource(GroovyPagesTemplateEngine.java:451)
	at org.codehaus.groovy.grails.web.pages.GroovyPagesTemplateEngine.createTemplate(GroovyPagesTemplateEngine.java:266)
	at org.codehaus.groovy.grails.web.pages.GroovyPagesTemplateEngine.createTemplate(GroovyPagesTemplateEngine.java:346)
	at org.codehaus.groovy.grails.web.pages.GroovyPagesTemplateEngine.createTemplateForUri(GroovyPagesTemplateEngine.java:318)
	at org.codehaus.groovy.grails.web.pages.GroovyPagesTemplateEngine.createTemplateForUri(GroovyPagesTemplateEngine.java:311)
	at org.codehaus.groovy.grails.web.pages.GroovyPagesTemplateEngine.createTemplate(GroovyPagesTemplateEngine.java:282)
	at org.codehaus.groovy.grails.web.servlet.view.GroovyPageView.createGroovyPageException(GroovyPageView.java:185)
	at org.codehaus.groovy.grails.web.servlet.view.GroovyPageView.handleException(GroovyPageView.java:181)
	at org.codehaus.groovy.grails.web.servlet.view.GroovyPageView.afterPropertiesSet(GroovyPageView.java:241)
	at org.codehaus.groovy.grails.web.servlet.view.GrailsViewResolver.createGroovyPageView(GrailsViewResolver.java:177)
	... 47 more
2014-09-04 09:05:07,633 [http-bio-8080-exec-3] ERROR StackTrace  - Full Stack Trace:
org.codehaus.groovy.grails.web.taglib.exceptions.GrailsTagException: Grails tag [g:textField] was not closed
	at org.codehaus.groovy.grails.web.pages.GroovyPageParser.endTag(GroovyPageParser.java:915)
	at org.codehaus.groovy.grails.web.pages.GroovyPageParser.page(GroovyPageParser.java:777)
	at org.codehaus.groovy.grails.web.pages.GroovyPageParser.generateGsp(GroovyPageParser.java:345)
	at org.codehaus.groovy.grails.web.pages.GroovyPageParser.parse(GroovyPageParser.java:301)
	at org.codehaus.groovy.grails.web.pages.GroovyPagesTemplateEngine.buildPageMetaInfo(GroovyPagesTemplateEngine.java:576)
	at org.codehaus.groovy.grails.web.pages.GroovyPagesTemplateEngine.createTemplate(GroovyPagesTemplateEngine.java:469)
	at org.codehaus.groovy.grails.web.pages.GroovyPagesTemplateEngine.createTemplateWithResource(GroovyPagesTemplateEngine.java:451)
	at org.codehaus.groovy.grails.web.pages.GroovyPagesTemplateEngine.createTemplate(GroovyPagesTemplateEngine.java:266)
	at org.codehaus.groovy.grails.web.pages.GroovyPagesTemplateEngine.createTemplate(GroovyPagesTemplateEngine.java:346)
	at org.codehaus.groovy.grails.web.pages.GroovyPagesTemplateEngine.createTemplateForUri(GroovyPagesTemplateEngine.java:318)
	at org.codehaus.groovy.grails.web.pages.GroovyPagesTemplateEngine.createTemplateForUri(GroovyPagesTemplateEngine.java:311)
	at org.codehaus.groovy.grails.web.pages.GroovyPagesTemplateEngine.createTemplate(GroovyPagesTemplateEngine.java:282)
	at org.codehaus.groovy.grails.web.servlet.view.GroovyPageView.createGroovyPageException(GroovyPageView.java:185)
	at org.codehaus.groovy.grails.web.servlet.view.GroovyPageView.handleException(GroovyPageView.java:181)
	at org.codehaus.groovy.grails.web.servlet.view.GroovyPageView.afterPropertiesSet(GroovyPageView.java:241)
	at org.codehaus.groovy.grails.web.servlet.view.GrailsViewResolver.createGroovyPageView(GrailsViewResolver.java:177)
	at org.codehaus.groovy.grails.web.servlet.view.GrailsViewResolver.createGrailsView(GrailsViewResolver.java:160)
	at org.codehaus.groovy.grails.web.servlet.view.GrailsViewResolver.loadView(GrailsViewResolver.java:85)
	at org.codehaus.groovy.grails.scaffolding.view.ScaffoldingViewResolver.loadView(ScaffoldingViewResolver.java:59)
	at org.springframework.web.servlet.view.AbstractCachingViewResolver.createView(AbstractCachingViewResolver.java:211)
	at org.springframework.web.servlet.view.UrlBasedViewResolver.createView(UrlBasedViewResolver.java:401)
	at org.springframework.web.servlet.view.AbstractCachingViewResolver.resolveViewName(AbstractCachingViewResolver.java:120)
	at org.codehaus.groovy.grails.web.util.WebUtils.resolveView(WebUtils.java:202)
	at org.codehaus.groovy.grails.web.util.WebUtils.resolveView(WebUtils.java:185)
	at org.codehaus.groovy.grails.web.mapping.filter.UrlMappingsFilter.renderViewForUrlMappingInfo(UrlMappingsFilter.java:337)
	at org.codehaus.groovy.grails.web.mapping.filter.UrlMappingsFilter.doFilterInternal(UrlMappingsFilter.java:228)
	at org.springframework.web.filter.OncePerRequestFilter.doFilter(OncePerRequestFilter.java:76)
	at org.apache.catalina.core.ApplicationFilterChain.internalDoFilter(ApplicationFilterChain.java:243)
	at org.apache.catalina.core.ApplicationFilterChain.doFilter(ApplicationFilterChain.java:210)
	at org.codehaus.groovy.grails.web.sitemesh.GrailsPageFilter.obtainContent(GrailsPageFilter.java:206)
	at org.codehaus.groovy.grails.web.sitemesh.GrailsPageFilter.doFilter(GrailsPageFilter.java:152)
	at org.apache.catalina.core.ApplicationFilterChain.internalDoFilter(ApplicationFilterChain.java:243)
	at org.apache.catalina.core.ApplicationFilterChain.doFilter(ApplicationFilterChain.java:210)
	at javax.servlet.FilterChain$doFilter.call(Unknown Source)
	at org.grails.plugin.resource.DevModeSanityFilter.doFilter(DevModeSanityFilter.groovy:44)
	at org.apache.catalina.core.ApplicationFilterChain.internalDoFilter(ApplicationFilterChain.java:243)
	at org.apache.catalina.core.ApplicationFilterChain.doFilter(ApplicationFilterChain.java:210)
	at org.codehaus.groovy.grails.web.servlet.mvc.GrailsWebRequestFilter.doFilterInternal(GrailsWebRequestFilter.java:69)
	at org.springframework.web.filter.OncePerRequestFilter.doFilter(OncePerRequestFilter.java:76)
	at org.apache.catalina.core.ApplicationFilterChain.internalDoFilter(ApplicationFilterChain.java:243)
	at org.apache.catalina.core.ApplicationFilterChain.doFilter(ApplicationFilterChain.java:210)
	at org.codehaus.groovy.grails.web.filters.HiddenHttpMethodFilter.doFilterInternal(HiddenHttpMethodFilter.java:66)
	at org.springframework.web.filter.OncePerRequestFilter.doFilter(OncePerRequestFilter.java:76)
	at org.apache.catalina.core.ApplicationFilterChain.internalDoFilter(ApplicationFilterChain.java:243)
	at org.apache.catalina.core.ApplicationFilterChain.doFilter(ApplicationFilterChain.java:210)
	at org.springframework.web.filter.CharacterEncodingFilter.doFilterInternal(CharacterEncodingFilter.java:88)
	at org.springframework.web.filter.OncePerRequestFilter.doFilter(OncePerRequestFilter.java:76)
	at org.springframework.web.filter.DelegatingFilterProxy.invokeDelegate(DelegatingFilterProxy.java:346)
	at org.springframework.web.filter.DelegatingFilterProxy.doFilter(DelegatingFilterProxy.java:259)
	at org.apache.catalina.core.ApplicationFilterChain.internalDoFilter(ApplicationFilterChain.java:243)
	at org.apache.catalina.core.ApplicationFilterChain.doFilter(ApplicationFilterChain.java:210)
	at org.apache.catalina.core.StandardWrapperValve.invoke(StandardWrapperValve.java:222)
	at org.apache.catalina.core.StandardContextValve.invoke(StandardContextValve.java:123)
	at org.apache.catalina.core.StandardHostValve.invoke(StandardHostValve.java:171)
	at org.apache.catalina.valves.ErrorReportValve.invoke(ErrorReportValve.java:99)
	at org.apache.catalina.core.StandardEngineValve.invoke(StandardEngineValve.java:118)
	at org.apache.catalina.connector.CoyoteAdapter.service(CoyoteAdapter.java:408)
	at org.apache.coyote.http11.AbstractHttp11Processor.process(AbstractHttp11Processor.java:1023)
	at org.apache.coyote.AbstractProtocol$AbstractConnectionHandler.process(AbstractProtocol.java:589)
	at org.apache.tomcat.util.net.JIoEndpoint$SocketProcessor.run(JIoEndpoint.java:312)
	at java.util.concurrent.ThreadPoolExecutor.runWorker(ThreadPoolExecutor.java:1145)
	at java.util.concurrent.ThreadPoolExecutor$Worker.run(ThreadPoolExecutor.java:615)
	at java.lang.Thread.run(Thread.java:745)
2014-09-04 09:05:07,634 [http-bio-8080-exec-3] ERROR StackTrace  - Full Stack Trace:
org.codehaus.groovy.grails.web.mapping.exceptions.UrlMappingException: Error mapping onto view [/index]: Error initializing GroovyPageView
	at java.util.concurrent.ThreadPoolExecutor.runWorker(ThreadPoolExecutor.java:1145)
	at java.util.concurrent.ThreadPoolExecutor$Worker.run(ThreadPoolExecutor.java:615)
	at java.lang.Thread.run(Thread.java:745)
Caused by: java.lang.RuntimeException: Error initializing GroovyPageView
	... 3 more
Caused by: org.codehaus.groovy.grails.web.taglib.exceptions.GrailsTagException: Grails tag [g:textField] was not closed
	... 3 more
2014-09-04 09:05:07,635 [http-bio-8080-exec-3] ERROR StackTrace  - Full Stack Trace:
org.codehaus.groovy.grails.web.mapping.exceptions.UrlMappingException: Error mapping onto view [/index]: Error initializing GroovyPageView
	at java.util.concurrent.ThreadPoolExecutor.runWorker(ThreadPoolExecutor.java:1145)
	at java.util.concurrent.ThreadPoolExecutor$Worker.run(ThreadPoolExecutor.java:615)
	at java.lang.Thread.run(Thread.java:745)
Caused by: java.lang.RuntimeException: Error initializing GroovyPageView
	... 3 more
Caused by: org.codehaus.groovy.grails.web.taglib.exceptions.GrailsTagException: Grails tag [g:textField] was not closed
	... 3 more
2014-09-04 09:05:07,635 [http-bio-8080-exec-3] ERROR StackTrace  - Full Stack Trace:
java.lang.RuntimeException: Error initializing GroovyPageView
	at java.util.concurrent.ThreadPoolExecutor.runWorker(ThreadPoolExecutor.java:1145)
	at java.util.concurrent.ThreadPoolExecutor$Worker.run(ThreadPoolExecutor.java:615)
	at java.lang.Thread.run(Thread.java:745)
Caused by: org.codehaus.groovy.grails.web.taglib.exceptions.GrailsTagException: Grails tag [g:textField] was not closed
	... 3 more
2014-09-04 09:05:07,635 [http-bio-8080-exec-3] ERROR StackTrace  - Full Stack Trace:
org.codehaus.groovy.grails.web.taglib.exceptions.GrailsTagException: Grails tag [g:textField] was not closed
	at java.util.concurrent.ThreadPoolExecutor.runWorker(ThreadPoolExecutor.java:1145)
	at java.util.concurrent.ThreadPoolExecutor$Worker.run(ThreadPoolExecutor.java:615)
	at java.lang.Thread.run(Thread.java:745)
2014-09-04 09:05:07,635 [http-bio-8080-exec-3] ERROR StackTrace  - Full Stack Trace:
org.codehaus.groovy.grails.web.mapping.exceptions.UrlMappingException: Error mapping onto view [/index]: Error initializing GroovyPageView
	at java.util.concurrent.ThreadPoolExecutor.runWorker(ThreadPoolExecutor.java:1145)
	at java.util.concurrent.ThreadPoolExecutor$Worker.run(ThreadPoolExecutor.java:615)
	at java.lang.Thread.run(Thread.java:745)
Caused by: java.lang.RuntimeException: Error initializing GroovyPageView
	... 3 more
Caused by: org.codehaus.groovy.grails.web.taglib.exceptions.GrailsTagException: Grails tag [g:textField] was not closed
	... 3 more
2014-09-04 09:05:07,645 [http-bio-8080-exec-3] ERROR StackTrace  - Full Stack Trace:
org.codehaus.groovy.grails.web.mapping.exceptions.UrlMappingException: Error mapping onto view [/index]: Error initializing GroovyPageView
	at java.util.concurrent.ThreadPoolExecutor.runWorker(ThreadPoolExecutor.java:1145)
	at java.util.concurrent.ThreadPoolExecutor$Worker.run(ThreadPoolExecutor.java:615)
	at java.lang.Thread.run(Thread.java:745)
Caused by: java.lang.RuntimeException: Error initializing GroovyPageView
	... 3 more
Caused by: org.codehaus.groovy.grails.web.taglib.exceptions.GrailsTagException: Grails tag [g:textField] was not closed
	... 3 more
2014-09-04 09:05:07,645 [http-bio-8080-exec-3] ERROR StackTrace  - Full Stack Trace:
java.lang.RuntimeException: Error initializing GroovyPageView
	at java.util.concurrent.ThreadPoolExecutor.runWorker(ThreadPoolExecutor.java:1145)
	at java.util.concurrent.ThreadPoolExecutor$Worker.run(ThreadPoolExecutor.java:615)
	at java.lang.Thread.run(Thread.java:745)
Caused by: org.codehaus.groovy.grails.web.taglib.exceptions.GrailsTagException: Grails tag [g:textField] was not closed
	... 3 more
2014-09-04 09:05:07,645 [http-bio-8080-exec-3] ERROR StackTrace  - Full Stack Trace:
org.codehaus.groovy.grails.web.taglib.exceptions.GrailsTagException: Grails tag [g:textField] was not closed
	at java.util.concurrent.ThreadPoolExecutor.runWorker(ThreadPoolExecutor.java:1145)
	at java.util.concurrent.ThreadPoolExecutor$Worker.run(ThreadPoolExecutor.java:615)
	at java.lang.Thread.run(Thread.java:745)
2014-09-04 09:05:07,645 [http-bio-8080-exec-3] ERROR StackTrace  - Full Stack Trace:
org.codehaus.groovy.grails.web.mapping.exceptions.UrlMappingException: Error mapping onto view [/index]: Error initializing GroovyPageView
	at java.util.concurrent.ThreadPoolExecutor.runWorker(ThreadPoolExecutor.java:1145)
	at java.util.concurrent.ThreadPoolExecutor$Worker.run(ThreadPoolExecutor.java:615)
	at java.lang.Thread.run(Thread.java:745)
Caused by: java.lang.RuntimeException: Error initializing GroovyPageView
	... 3 more
Caused by: org.codehaus.groovy.grails.web.taglib.exceptions.GrailsTagException: Grails tag [g:textField] was not closed
	... 3 more
